Program           :  ibdseq r1206  (max memory: 1024 MB)
Start Time        :  06:17 AM UTC on 05 Mar 2024

Parameters
  gt              :  data/subset_acb.vcf
  out             :  ibdseq/acb.ibdseq
  minalleles      :  2
  ibdlod          :  3.0
  ibdtrim         :  0.0
  errormax        :  0.001
  errorprop       :  0.25
  r2window        :  500
  r2max           :  0.15
  nthreads        :  1

Data Statistics
  samples         :  96
  markers         :  17784
   >= minalleles  :  17026
   LD-thinned     :  4127  (23% of markers)
  segments/sample :  18.2
  mean IBD length :  0.82 Mb
  mean IBD depth  :  0.5

Wallclock Time:   :  9 seconds
End Time          :  06:17 AM UTC on 05 Mar 2024
