Program           :  ibdseq r1206  (max memory: 1024 MB)
Start Time        :  09:37 PM UTC on 04 Mar 2024

Parameters
  gt              :  data/subset_asw.vcf
  out             :  ibdseq/asw.ibdseq
  minalleles      :  2
  ibdlod          :  3.0
  ibdtrim         :  0.0
  errormax        :  0.001
  errorprop       :  0.25
  r2window        :  500
  r2max           :  0.15
  nthreads        :  1

Data Statistics
  samples         :  61
  markers         :  17784
   >= minalleles  :  17004
   LD-thinned     :  3005  (17% of markers)
  segments/sample :  2.1
  mean IBD length :  3.67 Mb
  mean IBD depth  :  0.3

Wallclock Time:   :  4 seconds
End Time          :  09:37 PM UTC on 04 Mar 2024
