Program           :  ibdseq r1206  (max memory: 1024 MB)
Start Time        :  09:40 PM UTC on 04 Mar 2024

Parameters
  gt              :  data/subset_beb.vcf
  out             :  ibdseq/beb.ibdseq
  minalleles      :  2
  ibdlod          :  3.0
  ibdtrim         :  0.0
  errormax        :  0.001
  errorprop       :  0.25
  r2window        :  500
  r2max           :  0.15
  nthreads        :  1

Data Statistics
  samples         :  86
  markers         :  17784
   >= minalleles  :  15942
   LD-thinned     :  3098  (17% of markers)
  segments/sample :  5.7
  mean IBD length :  0.90 Mb
  mean IBD depth  :  0.2

Wallclock Time:   :  7 seconds
End Time          :  09:40 PM UTC on 04 Mar 2024
