Program           :  ibdseq r1206  (max memory: 1024 MB)
Start Time        :  06:18 AM UTC on 05 Mar 2024

Parameters
  gt              :  data/subset_ceu.vcf
  out             :  ibdseq/ceu.ibdseq
  minalleles      :  2
  ibdlod          :  3.0
  ibdtrim         :  0.0
  errormax        :  0.001
  errorprop       :  0.25
  r2window        :  500
  r2max           :  0.15
  nthreads        :  1

Data Statistics
  samples         :  99
  markers         :  17784
   >= minalleles  :  15907
   LD-thinned     :  2829  (16% of markers)
  segments/sample :  8.6
  mean IBD length :  0.98 Mb
  mean IBD depth  :  0.3

Wallclock Time:   :  8 seconds
End Time          :  06:18 AM UTC on 05 Mar 2024
