Program           :  ibdseq r1206  (max memory: 1024 MB)
Start Time        :  09:40 PM UTC on 04 Mar 2024

Parameters
  gt              :  data/subset_chb.vcf
  out             :  ibdseq/chb.ibdseq
  minalleles      :  2
  ibdlod          :  3.0
  ibdtrim         :  0.0
  errormax        :  0.001
  errorprop       :  0.25
  r2window        :  500
  r2max           :  0.15
  nthreads        :  1

Data Statistics
  samples         :  103
  markers         :  17784
   >= minalleles  :  14931
   LD-thinned     :  2673  (15% of markers)
  segments/sample :  4.5
  mean IBD length :  0.80 Mb
  mean IBD depth  :  0.1

Wallclock Time:   :  8 seconds
End Time          :  09:41 PM UTC on 04 Mar 2024
