Program           :  ibdseq r1206  (max memory: 1024 MB)
Start Time        :  03:13 AM UTC on 05 Mar 2024

Parameters
  gt              :  data/subset_chs.vcf
  out             :  ibdseq/chs.ibdseq
  minalleles      :  2
  ibdlod          :  3.0
  ibdtrim         :  0.0
  errormax        :  0.001
  errorprop       :  0.25
  r2window        :  500
  r2max           :  0.15
  nthreads        :  1

Data Statistics
  samples         :  105
  markers         :  17784
   >= minalleles  :  14808
   LD-thinned     :  2704  (15% of markers)
  segments/sample :  5.7
  mean IBD length :  0.98 Mb
  mean IBD depth  :  0.2

Wallclock Time:   :  9 seconds
End Time          :  03:13 AM UTC on 05 Mar 2024
