Program           :  ibdseq r1206  (max memory: 1024 MB)
Start Time        :  06:20 AM UTC on 05 Mar 2024

Parameters
  gt              :  data/subset_clm.vcf
  out             :  ibdseq/clm.ibdseq
  minalleles      :  2
  ibdlod          :  3.0
  ibdtrim         :  0.0
  errormax        :  0.001
  errorprop       :  0.25
  r2window        :  500
  r2max           :  0.15
  nthreads        :  1

Data Statistics
  samples         :  94
  markers         :  17784
   >= minalleles  :  16788
   LD-thinned     :  2826  (16% of markers)
  segments/sample :  10.9
  mean IBD length :  2.06 Mb
  mean IBD depth  :  0.8

Wallclock Time:   :  7 seconds
End Time          :  06:20 AM UTC on 05 Mar 2024
