Program           :  ibdseq r1206  (max memory: 1024 MB)
Start Time        :  06:19 AM UTC on 05 Mar 2024

Parameters
  gt              :  data/subset_esn.vcf
  out             :  ibdseq/esn.ibdseq
  minalleles      :  2
  ibdlod          :  3.0
  ibdtrim         :  0.0
  errormax        :  0.001
  errorprop       :  0.25
  r2window        :  500
  r2max           :  0.15
  nthreads        :  1

Data Statistics
  samples         :  99
  markers         :  17784
   >= minalleles  :  16203
   LD-thinned     :  3890  (22% of markers)
  segments/sample :  24.7
  mean IBD length :  1.00 Mb
  mean IBD depth  :  0.9

Wallclock Time:   :  9 seconds
End Time          :  06:19 AM UTC on 05 Mar 2024
