Program           :  ibdseq r1206  (max memory: 1024 MB)
Start Time        :  09:41 PM UTC on 04 Mar 2024

Parameters
  gt              :  data/subset_gwd.vcf
  out             :  ibdseq/gwd.ibdseq
  minalleles      :  2
  ibdlod          :  3.0
  ibdtrim         :  0.0
  errormax        :  0.001
  errorprop       :  0.25
  r2window        :  500
  r2max           :  0.15
  nthreads        :  1

Data Statistics
  samples         :  113
  markers         :  17784
   >= minalleles  :  16450
   LD-thinned     :  4421  (25% of markers)
  segments/sample :  24.2
  mean IBD length :  0.78 Mb
  mean IBD depth  :  0.6

Wallclock Time:   :  15 seconds
End Time          :  09:42 PM UTC on 04 Mar 2024
