Program           :  ibdseq r1206  (max memory: 1024 MB)
Start Time        :  03:13 AM UTC on 05 Mar 2024

Parameters
  gt              :  data/subset_ibs.vcf
  out             :  ibdseq/ibs.ibdseq
  minalleles      :  2
  ibdlod          :  3.0
  ibdtrim         :  0.0
  errormax        :  0.001
  errorprop       :  0.25
  r2window        :  500
  r2max           :  0.15
  nthreads        :  1

Data Statistics
  samples         :  106
  markers         :  17784
   >= minalleles  :  16034
   LD-thinned     :  2974  (17% of markers)
  segments/sample :  8.7
  mean IBD length :  0.95 Mb
  mean IBD depth  :  0.3

Wallclock Time:   :  9 seconds
End Time          :  03:13 AM UTC on 05 Mar 2024
