Program           :  ibdseq r1206  (max memory: 1024 MB)
Start Time        :  06:22 AM UTC on 05 Mar 2024

Parameters
  gt              :  data/subset_itu.vcf
  out             :  ibdseq/itu.ibdseq
  minalleles      :  2
  ibdlod          :  3.0
  ibdtrim         :  0.0
  errormax        :  0.001
  errorprop       :  0.25
  r2window        :  500
  r2max           :  0.15
  nthreads        :  1

Data Statistics
  samples         :  102
  markers         :  17784
   >= minalleles  :  15891
   LD-thinned     :  3078  (17% of markers)
  segments/sample :  12.3
  mean IBD length :  1.14 Mb
  mean IBD depth  :  0.5

Wallclock Time:   :  8 seconds
End Time          :  06:22 AM UTC on 05 Mar 2024
