Program           :  ibdseq r1206  (max memory: 1024 MB)
Start Time        :  03:12 AM UTC on 05 Mar 2024

Parameters
  gt              :  data/subset_khv.vcf
  out             :  ibdseq/khv.ibdseq
  minalleles      :  2
  ibdlod          :  3.0
  ibdtrim         :  0.0
  errormax        :  0.001
  errorprop       :  0.25
  r2window        :  500
  r2max           :  0.15
  nthreads        :  1

Data Statistics
  samples         :  99
  markers         :  17784
   >= minalleles  :  14968
   LD-thinned     :  2641  (15% of markers)
  segments/sample :  5.9
  mean IBD length :  1.17 Mb
  mean IBD depth  :  0.2

Wallclock Time:   :  7 seconds
End Time          :  03:12 AM UTC on 05 Mar 2024
