Program           :  ibdseq r1206  (max memory: 1024 MB)
Start Time        :  09:37 PM UTC on 04 Mar 2024

Parameters
  gt              :  data/subset_msl.vcf
  out             :  ibdseq/msl.ibdseq
  minalleles      :  2
  ibdlod          :  3.0
  ibdtrim         :  0.0
  errormax        :  0.001
  errorprop       :  0.25
  r2window        :  500
  r2max           :  0.15
  nthreads        :  1

Data Statistics
  samples         :  85
  markers         :  17784
   >= minalleles  :  16179
   LD-thinned     :  4130  (23% of markers)
  segments/sample :  15.2
  mean IBD length :  0.97 Mb
  mean IBD depth  :  0.5

Wallclock Time:   :  9 seconds
End Time          :  09:37 PM UTC on 04 Mar 2024
