Program           :  ibdseq r1206  (max memory: 1024 MB)
Start Time        :  06:23 AM UTC on 05 Mar 2024

Parameters
  gt              :  data/subset_mxl.vcf
  out             :  ibdseq/mxl.ibdseq
  minalleles      :  2
  ibdlod          :  3.0
  ibdtrim         :  0.0
  errormax        :  0.001
  errorprop       :  0.25
  r2window        :  500
  r2max           :  0.15
  nthreads        :  1

Data Statistics
  samples         :  64
  markers         :  17784
   >= minalleles  :  16269
   LD-thinned     :  2172  (12% of markers)
  segments/sample :  1.8
  mean IBD length :  2.10 Mb
  mean IBD depth  :  0.1

Wallclock Time:   :  4 seconds
End Time          :  06:23 AM UTC on 05 Mar 2024
