Program           :  ibdseq r1206  (max memory: 1024 MB)
Start Time        :  06:23 AM UTC on 05 Mar 2024

Parameters
  gt              :  data/subset_pjl.vcf
  out             :  ibdseq/pjl.ibdseq
  minalleles      :  2
  ibdlod          :  3.0
  ibdtrim         :  0.0
  errormax        :  0.001
  errorprop       :  0.25
  r2window        :  500
  r2max           :  0.15
  nthreads        :  1

Data Statistics
  samples         :  96
  markers         :  17784
   >= minalleles  :  16000
   LD-thinned     :  3070  (17% of markers)
  segments/sample :  12.6
  mean IBD length :  1.42 Mb
  mean IBD depth  :  0.6

Wallclock Time:   :  8 seconds
End Time          :  06:24 AM UTC on 05 Mar 2024
