Program           :  ibdseq r1206  (max memory: 1024 MB)
Start Time        :  06:23 AM UTC on 05 Mar 2024

Parameters
  gt              :  data/subset_tsi.vcf
  out             :  ibdseq/tsi.ibdseq
  minalleles      :  2
  ibdlod          :  3.0
  ibdtrim         :  0.0
  errormax        :  0.001
  errorprop       :  0.25
  r2window        :  500
  r2max           :  0.15
  nthreads        :  1

Data Statistics
  samples         :  107
  markers         :  17784
   >= minalleles  :  15998
   LD-thinned     :  2993  (17% of markers)
  segments/sample :  8.5
  mean IBD length :  1.19 Mb
  mean IBD depth  :  0.3

Wallclock Time:   :  9 seconds
End Time          :  06:23 AM UTC on 05 Mar 2024
