Program           :  ibdseq r1206  (max memory: 1024 MB)
Start Time        :  09:39 PM UTC on 04 Mar 2024

Parameters
  gt              :  data/subset_yri.vcf
  out             :  ibdseq/yri.ibdseq
  minalleles      :  2
  ibdlod          :  3.0
  ibdtrim         :  0.0
  errormax        :  0.001
  errorprop       :  0.25
  r2window        :  500
  r2max           :  0.15
  nthreads        :  1

Data Statistics
  samples         :  108
  markers         :  17784
   >= minalleles  :  16302
   LD-thinned     :  4212  (24% of markers)
  segments/sample :  29.3
  mean IBD length :  0.71 Mb
  mean IBD depth  :  0.7

Wallclock Time:   :  12 seconds
End Time          :  09:39 PM UTC on 04 Mar 2024
