PLINK v1.90b6.9 64-bit (4 Mar 2019)
Options in effect:
  --bfile data/chr_plink
  --genome
  --keep sizes/total_1500.txt
  --out sizes/data/total_1500.ibd

Hostname: dsmlp-jupyter-sgollamu
Working directory: /home/sgollamu/final-project
Start time: Tue Mar  5 02:33:44 2024

Random number seed: 1709606024
385412 MB RAM detected; reserving 192706 MB for main workspace.
17784 variants loaded from .bim file.
2504 people (0 males, 0 females, 2504 ambiguous) loaded from .fam.
Ambiguous sex IDs written to sizes/data/total_1500.ibd.nosex .
--keep: 1500 people remaining.
Using up to 63 threads (change this with --threads).
Before main variant filters, 1500 founders and 0 nonfounders present.
Calculating allele frequencies... done.
Total genotyping rate in remaining samples is 0.999882.
17784 variants and 1500 people pass filters and QC.
Note: No phenotypes present.
IBD calculations complete.
Finished writing sizes/data/total_1500.ibd.genome .

End time: Tue Mar  5 02:33:48 2024
