Beagle version 3.3.2 (31 Oct 2011)
Enter "java -jar beagle.jar" for summary of command line arguments.
Start time: 07:19 AM UTC on 04 Mar 2024

Command line: java -Xmx1024m -jar beagle.jar
  unphased=data/subset_acb.bgl.gz
  markers=data/subset_acb.markers
  fastibd=true
  out=fastibd/acb.fastibd
  missing=?

number of markers    =   17689
number of haplotypes =     192 (subset_acb.bgl.gz)

Running time for phasing: 1 minutes 1 seconds
Beagle version 3.3.2 (31 Oct 2011) finished
Beagle version 3.3.2 (31 Oct 2011)
Enter "java -jar beagle.jar" for summary of command line arguments.
Start time: 07:20 AM UTC on 04 Mar 2024

Command line: java -Xmx1024m -jar beagle.jar
  unphased=data/subset_acb.bgl.gz
  markers=data/subset_acb.markers
  fastibd=true
  out=fastibd/acb.fastibd
  missing=?

number of markers    =   17689
number of haplotypes =     192 (subset_acb.bgl.gz)

Running time for phasing: 59 seconds
Beagle version 3.3.2 (31 Oct 2011) finished
Beagle version 3.3.2 (31 Oct 2011)
Enter "java -jar beagle.jar" for summary of command line arguments.
Start time: 10:57 PM UTC on 04 Mar 2024

Command line: java -Xmx1024m -jar beagle.jar
  unphased=data/subset_acb.bgl.gz
  markers=data/subset_acb.markers
  fastibd=true
  out=fastibd/acb.fastibd
  missing=?

number of markers    =   17689
number of haplotypes =     192 (subset_acb.bgl.gz)

Running time for phasing: 1 minutes 5 seconds
Beagle version 3.3.2 (31 Oct 2011) finished
Beagle version 3.3.2 (31 Oct 2011)
Enter "java -jar beagle.jar" for summary of command line arguments.
Start time: 10:58 PM UTC on 04 Mar 2024

Command line: java -Xmx1024m -jar beagle.jar
  unphased=data/subset_acb.bgl.gz
  markers=data/subset_acb.markers
  fastibd=true
  out=fastibd/acb.fastibd
  missing=?

number of markers    =   17689
number of haplotypes =     192 (subset_acb.bgl.gz)

Running time for phasing: 51 seconds
Beagle version 3.3.2 (31 Oct 2011) finished
