Beagle version 3.3.2 (31 Oct 2011)
Enter "java -jar beagle.jar" for summary of command line arguments.
Start time: 07:27 AM UTC on 04 Mar 2024

Command line: java -Xmx1024m -jar beagle.jar
  unphased=data/subset_asw.bgl.gz
  markers=data/subset_asw.markers
  fastibd=true
  out=fastibd/asw.fastibd
  missing=?

number of markers    =   17689
number of haplotypes =     122 (subset_asw.bgl.gz)

Running time for phasing: 39 seconds
Beagle version 3.3.2 (31 Oct 2011) finished
Beagle version 3.3.2 (31 Oct 2011)
Enter "java -jar beagle.jar" for summary of command line arguments.
Start time: 07:27 AM UTC on 04 Mar 2024

Command line: java -Xmx1024m -jar beagle.jar
  unphased=data/subset_asw.bgl.gz
  markers=data/subset_asw.markers
  fastibd=true
  out=fastibd/asw.fastibd
  missing=?

number of markers    =   17689
number of haplotypes =     122 (subset_asw.bgl.gz)

Running time for phasing: 25 seconds
Beagle version 3.3.2 (31 Oct 2011) finished
Beagle version 3.3.2 (31 Oct 2011)
Enter "java -jar beagle.jar" for summary of command line arguments.
Start time: 11:05 PM UTC on 04 Mar 2024

Command line: java -Xmx1024m -jar beagle.jar
  unphased=data/subset_asw.bgl.gz
  markers=data/subset_asw.markers
  fastibd=true
  out=fastibd/asw.fastibd
  missing=?

number of markers    =   17689
number of haplotypes =     122 (subset_asw.bgl.gz)

Running time for phasing: 33 seconds
Beagle version 3.3.2 (31 Oct 2011) finished
Beagle version 3.3.2 (31 Oct 2011)
Enter "java -jar beagle.jar" for summary of command line arguments.
Start time: 11:06 PM UTC on 04 Mar 2024

Command line: java -Xmx1024m -jar beagle.jar
  unphased=data/subset_asw.bgl.gz
  markers=data/subset_asw.markers
  fastibd=true
  out=fastibd/asw.fastibd
  missing=?

number of markers    =   17689
number of haplotypes =     122 (subset_asw.bgl.gz)

Running time for phasing: 32 seconds
Beagle version 3.3.2 (31 Oct 2011) finished
