Beagle version 3.3.2 (31 Oct 2011)
Enter "java -jar beagle.jar" for summary of command line arguments.
Start time: 11:26 PM UTC on 04 Mar 2024

Command line: java -Xmx1024m -jar beagle.jar
  unphased=data/subset_beb.bgl.gz
  markers=data/subset_beb.markers
  fastibd=true
  out=fastibd/beb.fastibd
  missing=?

number of markers    =   17689
number of haplotypes =     172 (subset_beb.bgl.gz)

Running time for phasing: 42 seconds
Beagle version 3.3.2 (31 Oct 2011) finished
Beagle version 3.3.2 (31 Oct 2011)
Enter "java -jar beagle.jar" for summary of command line arguments.
Start time: 11:27 PM UTC on 04 Mar 2024

Command line: java -Xmx1024m -jar beagle.jar
  unphased=data/subset_beb.bgl.gz
  markers=data/subset_beb.markers
  fastibd=true
  out=fastibd/beb.fastibd
  missing=?

number of markers    =   17689
number of haplotypes =     172 (subset_beb.bgl.gz)

Running time for phasing: 43 seconds
Beagle version 3.3.2 (31 Oct 2011) finished
