Beagle version 3.3.2 (31 Oct 2011)
Enter "java -jar beagle.jar" for summary of command line arguments.
Start time: 07:24 AM UTC on 04 Mar 2024

Command line: java -Xmx1024m -jar beagle.jar
  unphased=data/subset_ceu.bgl.gz
  markers=data/subset_ceu.markers
  fastibd=true
  out=fastibd/ceu.fastibd
  missing=?

number of markers    =   17689
number of haplotypes =     198 (subset_ceu.bgl.gz)

Running time for phasing: 59 seconds
Beagle version 3.3.2 (31 Oct 2011) finished
Beagle version 3.3.2 (31 Oct 2011)
Enter "java -jar beagle.jar" for summary of command line arguments.
Start time: 07:25 AM UTC on 04 Mar 2024

Command line: java -Xmx1024m -jar beagle.jar
  unphased=data/subset_ceu.bgl.gz
  markers=data/subset_ceu.markers
  fastibd=true
  out=fastibd/ceu.fastibd
  missing=?

number of markers    =   17689
number of haplotypes =     198 (subset_ceu.bgl.gz)

Running time for phasing: 1 minutes 4 seconds
Beagle version 3.3.2 (31 Oct 2011) finished
Beagle version 3.3.2 (31 Oct 2011)
Enter "java -jar beagle.jar" for summary of command line arguments.
Start time: 11:03 PM UTC on 04 Mar 2024

Command line: java -Xmx1024m -jar beagle.jar
  unphased=data/subset_ceu.bgl.gz
  markers=data/subset_ceu.markers
  fastibd=true
  out=fastibd/ceu.fastibd
  missing=?

number of markers    =   17689
number of haplotypes =     198 (subset_ceu.bgl.gz)

Running time for phasing: 1 minutes 9 seconds
Beagle version 3.3.2 (31 Oct 2011) finished
Beagle version 3.3.2 (31 Oct 2011)
Enter "java -jar beagle.jar" for summary of command line arguments.
Start time: 11:04 PM UTC on 04 Mar 2024

Command line: java -Xmx1024m -jar beagle.jar
  unphased=data/subset_ceu.bgl.gz
  markers=data/subset_ceu.markers
  fastibd=true
  out=fastibd/ceu.fastibd
  missing=?

number of markers    =   17689
number of haplotypes =     198 (subset_ceu.bgl.gz)

Running time for phasing: 1 minutes 7 seconds
Beagle version 3.3.2 (31 Oct 2011) finished
