Beagle version 3.3.2 (31 Oct 2011)
Enter "java -jar beagle.jar" for summary of command line arguments.
Start time: 07:22 AM UTC on 04 Mar 2024

Command line: java -Xmx1024m -jar beagle.jar
  unphased=data/subset_chs.bgl.gz
  markers=data/subset_chs.markers
  fastibd=true
  out=fastibd/chs.fastibd
  missing=?

number of markers    =   17689
number of haplotypes =     210 (subset_chs.bgl.gz)

Running time for phasing: 57 seconds
Beagle version 3.3.2 (31 Oct 2011) finished
Beagle version 3.3.2 (31 Oct 2011)
Enter "java -jar beagle.jar" for summary of command line arguments.
Start time: 07:23 AM UTC on 04 Mar 2024

Command line: java -Xmx1024m -jar beagle.jar
  unphased=data/subset_chs.bgl.gz
  markers=data/subset_chs.markers
  fastibd=true
  out=fastibd/chs.fastibd
  missing=?

number of markers    =   17689
number of haplotypes =     210 (subset_chs.bgl.gz)

Running time for phasing: 57 seconds
Beagle version 3.3.2 (31 Oct 2011) finished
Beagle version 3.3.2 (31 Oct 2011)
Enter "java -jar beagle.jar" for summary of command line arguments.
Start time: 11:01 PM UTC on 04 Mar 2024

Command line: java -Xmx1024m -jar beagle.jar
  unphased=data/subset_chs.bgl.gz
  markers=data/subset_chs.markers
  fastibd=true
  out=fastibd/chs.fastibd
  missing=?

number of markers    =   17689
number of haplotypes =     210 (subset_chs.bgl.gz)

Running time for phasing: 1 minutes 2 seconds
Beagle version 3.3.2 (31 Oct 2011) finished
Beagle version 3.3.2 (31 Oct 2011)
Enter "java -jar beagle.jar" for summary of command line arguments.
Start time: 11:02 PM UTC on 04 Mar 2024

Command line: java -Xmx1024m -jar beagle.jar
  unphased=data/subset_chs.bgl.gz
  markers=data/subset_chs.markers
  fastibd=true
  out=fastibd/chs.fastibd
  missing=?

number of markers    =   17689
number of haplotypes =     210 (subset_chs.bgl.gz)

Running time for phasing: 46 seconds
Beagle version 3.3.2 (31 Oct 2011) finished
Beagle version 3.3.2 (31 Oct 2011)
Enter "java -jar beagle.jar" for summary of command line arguments.
Start time: 06:34 AM UTC on 05 Mar 2024

Command line: java -Xmx1024m -jar beagle.jar
  unphased=data/subset_chs.bgl.gz
  markers=data/subset_chs.markers
  fastibd=true
  out=fastibd/chs.fastibd
  missing=?

number of markers    =   17689
number of haplotypes =     210 (subset_chs.bgl.gz)

Running time for phasing: 51 seconds
Beagle version 3.3.2 (31 Oct 2011) finished
Beagle version 3.3.2 (31 Oct 2011)
Enter "java -jar beagle.jar" for summary of command line arguments.
Start time: 06:35 AM UTC on 05 Mar 2024

Command line: java -Xmx1024m -jar beagle.jar
  unphased=data/subset_chs.bgl.gz
  markers=data/subset_chs.markers
  fastibd=true
  out=fastibd/chs.fastibd
  missing=?

number of markers    =   17689
number of haplotypes =     210 (subset_chs.bgl.gz)

Running time for phasing: 40 seconds
Beagle version 3.3.2 (31 Oct 2011) finished
Beagle version 3.3.2 (31 Oct 2011)
Enter "java -jar beagle.jar" for summary of command line arguments.
Start time: 07:18 AM UTC on 05 Mar 2024

Command line: java -Xmx1024m -jar beagle.jar
  unphased=data/subset_chs.bgl.gz
  markers=data/subset_chs.markers
  fastibd=true
  out=fastibd/chs.fastibd
  missing=?

number of markers    =   17689
number of haplotypes =     210 (subset_chs.bgl.gz)

Running time for phasing: 52 seconds
Beagle version 3.3.2 (31 Oct 2011) finished
Beagle version 3.3.2 (31 Oct 2011)
Enter "java -jar beagle.jar" for summary of command line arguments.
Start time: 07:18 AM UTC on 05 Mar 2024

Command line: java -Xmx1024m -jar beagle.jar
  unphased=data/subset_chs.bgl.gz
  markers=data/subset_chs.markers
  fastibd=true
  out=fastibd/chs.fastibd
  missing=?

number of markers    =   17689
number of haplotypes =     210 (subset_chs.bgl.gz)

Running time for phasing: 52 seconds
Beagle version 3.3.2 (31 Oct 2011) finished
