Beagle version 3.3.2 (31 Oct 2011)
Enter "java -jar beagle.jar" for summary of command line arguments.
Start time: 07:34 AM UTC on 04 Mar 2024

Command line: java -Xmx1024m -jar beagle.jar
  unphased=data/subset_clm.bgl.gz
  markers=data/subset_clm.markers
  fastibd=true
  out=fastibd/clm.fastibd
  missing=?

number of markers    =   17689
number of haplotypes =     188 (subset_clm.bgl.gz)

Running time for phasing: 1 minutes 0 seconds
Beagle version 3.3.2 (31 Oct 2011) finished
Beagle version 3.3.2 (31 Oct 2011)
Enter "java -jar beagle.jar" for summary of command line arguments.
Start time: 07:35 AM UTC on 04 Mar 2024

Command line: java -Xmx1024m -jar beagle.jar
  unphased=data/subset_clm.bgl.gz
  markers=data/subset_clm.markers
  fastibd=true
  out=fastibd/clm.fastibd
  missing=?

number of markers    =   17689
number of haplotypes =     188 (subset_clm.bgl.gz)

Running time for phasing: 40 seconds
Beagle version 3.3.2 (31 Oct 2011) finished
Beagle version 3.3.2 (31 Oct 2011)
Enter "java -jar beagle.jar" for summary of command line arguments.
Start time: 11:14 PM UTC on 04 Mar 2024

Command line: java -Xmx1024m -jar beagle.jar
  unphased=data/subset_clm.bgl.gz
  markers=data/subset_clm.markers
  fastibd=true
  out=fastibd/clm.fastibd
  missing=?

number of markers    =   17689
number of haplotypes =     188 (subset_clm.bgl.gz)

Running time for phasing: 1 minutes 7 seconds
Beagle version 3.3.2 (31 Oct 2011) finished
Beagle version 3.3.2 (31 Oct 2011)
Enter "java -jar beagle.jar" for summary of command line arguments.
Start time: 11:15 PM UTC on 04 Mar 2024

Command line: java -Xmx1024m -jar beagle.jar
  unphased=data/subset_clm.bgl.gz
  markers=data/subset_clm.markers
  fastibd=true
  out=fastibd/clm.fastibd
  missing=?

number of markers    =   17689
number of haplotypes =     188 (subset_clm.bgl.gz)

Running time for phasing: 1 minutes 6 seconds
Beagle version 3.3.2 (31 Oct 2011) finished
