Beagle version 3.3.2 (31 Oct 2011)
Enter "java -jar beagle.jar" for summary of command line arguments.
Start time: 07:32 AM UTC on 04 Mar 2024

Command line: java -Xmx1024m -jar beagle.jar
  unphased=data/subset_esn.bgl.gz
  markers=data/subset_esn.markers
  fastibd=true
  out=fastibd/esn.fastibd
  missing=?

number of markers    =   17689
number of haplotypes =     198 (subset_esn.bgl.gz)

Running time for phasing: 45 seconds
Beagle version 3.3.2 (31 Oct 2011) finished
Beagle version 3.3.2 (31 Oct 2011)
Enter "java -jar beagle.jar" for summary of command line arguments.
Start time: 07:33 AM UTC on 04 Mar 2024

Command line: java -Xmx1024m -jar beagle.jar
  unphased=data/subset_esn.bgl.gz
  markers=data/subset_esn.markers
  fastibd=true
  out=fastibd/esn.fastibd
  missing=?

number of markers    =   17689
number of haplotypes =     198 (subset_esn.bgl.gz)

Running time for phasing: 1 minutes 5 seconds
Beagle version 3.3.2 (31 Oct 2011) finished
Beagle version 3.3.2 (31 Oct 2011)
Enter "java -jar beagle.jar" for summary of command line arguments.
Start time: 11:12 PM UTC on 04 Mar 2024

Command line: java -Xmx1024m -jar beagle.jar
  unphased=data/subset_esn.bgl.gz
  markers=data/subset_esn.markers
  fastibd=true
  out=fastibd/esn.fastibd
  missing=?

number of markers    =   17689
number of haplotypes =     198 (subset_esn.bgl.gz)

Running time for phasing: 1 minutes 13 seconds
Beagle version 3.3.2 (31 Oct 2011) finished
Beagle version 3.3.2 (31 Oct 2011)
Enter "java -jar beagle.jar" for summary of command line arguments.
Start time: 11:13 PM UTC on 04 Mar 2024

Command line: java -Xmx1024m -jar beagle.jar
  unphased=data/subset_esn.bgl.gz
  markers=data/subset_esn.markers
  fastibd=true
  out=fastibd/esn.fastibd
  missing=?

number of markers    =   17689
number of haplotypes =     198 (subset_esn.bgl.gz)

Running time for phasing: 56 seconds
Beagle version 3.3.2 (31 Oct 2011) finished
