Beagle version 3.3.2 (31 Oct 2011)
Enter "java -jar beagle.jar" for summary of command line arguments.
Start time: 07:17 AM UTC on 04 Mar 2024

Command line: java -Xmx1024m -jar beagle.jar
  unphased=data/subset_gbr.bgl.gz
  markers=data/subset_gbr.markers
  fastibd=true
  out=fastibd/gbr.fastibd
  missing=?

number of markers    =   17689
number of haplotypes =     182 (subset_gbr.bgl.gz)

Running time for phasing: 58 seconds
Beagle version 3.3.2 (31 Oct 2011) finished
Beagle version 3.3.2 (31 Oct 2011)
Enter "java -jar beagle.jar" for summary of command line arguments.
Start time: 07:18 AM UTC on 04 Mar 2024

Command line: java -Xmx1024m -jar beagle.jar
  unphased=data/subset_gbr.bgl.gz
  markers=data/subset_gbr.markers
  fastibd=true
  out=fastibd/gbr.fastibd
  missing=?

number of markers    =   17689
number of haplotypes =     182 (subset_gbr.bgl.gz)

Running time for phasing: 38 seconds
Beagle version 3.3.2 (31 Oct 2011) finished
Beagle version 3.3.2 (31 Oct 2011)
Enter "java -jar beagle.jar" for summary of command line arguments.
Start time: 10:55 PM UTC on 04 Mar 2024

Command line: java -Xmx1024m -jar beagle.jar
  unphased=data/subset_gbr.bgl.gz
  markers=data/subset_gbr.markers
  fastibd=true
  out=fastibd/gbr.fastibd
  missing=?

number of markers    =   17689
number of haplotypes =     182 (subset_gbr.bgl.gz)

Running time for phasing: 57 seconds
Beagle version 3.3.2 (31 Oct 2011) finished
Beagle version 3.3.2 (31 Oct 2011)
Enter "java -jar beagle.jar" for summary of command line arguments.
Start time: 10:56 PM UTC on 04 Mar 2024

Command line: java -Xmx1024m -jar beagle.jar
  unphased=data/subset_gbr.bgl.gz
  markers=data/subset_gbr.markers
  fastibd=true
  out=fastibd/gbr.fastibd
  missing=?

number of markers    =   17689
number of haplotypes =     182 (subset_gbr.bgl.gz)

Running time for phasing: 58 seconds
Beagle version 3.3.2 (31 Oct 2011) finished
Beagle version 3.3.2 (31 Oct 2011)
Enter "java -jar beagle.jar" for summary of command line arguments.
Start time: 06:29 AM UTC on 05 Mar 2024

Command line: java -Xmx1024m -jar beagle.jar
  unphased=data/subset_gbr.bgl.gz
  markers=data/subset_gbr.markers
  fastibd=true
  out=fastibd/gbr.fastibd
  missing=?

number of markers    =   17689
number of haplotypes =     182 (subset_gbr.bgl.gz)

Running time for phasing: 47 seconds
Beagle version 3.3.2 (31 Oct 2011) finished
Beagle version 3.3.2 (31 Oct 2011)
Enter "java -jar beagle.jar" for summary of command line arguments.
Start time: 06:30 AM UTC on 05 Mar 2024

Command line: java -Xmx1024m -jar beagle.jar
  unphased=data/subset_gbr.bgl.gz
  markers=data/subset_gbr.markers
  fastibd=true
  out=fastibd/gbr.fastibd
  missing=?

number of markers    =   17689
number of haplotypes =     182 (subset_gbr.bgl.gz)

Running time for phasing: 47 seconds
Beagle version 3.3.2 (31 Oct 2011) finished
Beagle version 3.3.2 (31 Oct 2011)
Enter "java -jar beagle.jar" for summary of command line arguments.
Start time: 07:12 AM UTC on 05 Mar 2024

Command line: java -Xmx1024m -jar beagle.jar
  unphased=data/subset_gbr.bgl.gz
  markers=data/subset_gbr.markers
  fastibd=true
  out=fastibd/gbr.fastibd
  missing=?

number of markers    =   17689
number of haplotypes =     182 (subset_gbr.bgl.gz)

Running time for phasing: 47 seconds
Beagle version 3.3.2 (31 Oct 2011) finished
Beagle version 3.3.2 (31 Oct 2011)
Enter "java -jar beagle.jar" for summary of command line arguments.
Start time: 07:13 AM UTC on 05 Mar 2024

Command line: java -Xmx1024m -jar beagle.jar
  unphased=data/subset_gbr.bgl.gz
  markers=data/subset_gbr.markers
  fastibd=true
  out=fastibd/gbr.fastibd
  missing=?

number of markers    =   17689
number of haplotypes =     182 (subset_gbr.bgl.gz)

Running time for phasing: 49 seconds
Beagle version 3.3.2 (31 Oct 2011) finished
