Beagle version 3.3.2 (31 Oct 2011)
Enter "java -jar beagle.jar" for summary of command line arguments.
Start time: 07:21 AM UTC on 04 Mar 2024

Command line: java -Xmx1024m -jar beagle.jar
  unphased=data/subset_ibs.bgl.gz
  markers=data/subset_ibs.markers
  fastibd=true
  out=fastibd/ibs.fastibd
  missing=?

number of markers    =   17689
number of haplotypes =     212 (subset_ibs.bgl.gz)

Running time for phasing: 1 minutes 4 seconds
Beagle version 3.3.2 (31 Oct 2011) finished
Beagle version 3.3.2 (31 Oct 2011)
Enter "java -jar beagle.jar" for summary of command line arguments.
Start time: 07:22 AM UTC on 04 Mar 2024

Command line: java -Xmx1024m -jar beagle.jar
  unphased=data/subset_ibs.bgl.gz
  markers=data/subset_ibs.markers
  fastibd=true
  out=fastibd/ibs.fastibd
  missing=?

number of markers    =   17689
number of haplotypes =     212 (subset_ibs.bgl.gz)

Running time for phasing: 41 seconds
Beagle version 3.3.2 (31 Oct 2011) finished
Beagle version 3.3.2 (31 Oct 2011)
Enter "java -jar beagle.jar" for summary of command line arguments.
Start time: 10:59 PM UTC on 04 Mar 2024

Command line: java -Xmx1024m -jar beagle.jar
  unphased=data/subset_ibs.bgl.gz
  markers=data/subset_ibs.markers
  fastibd=true
  out=fastibd/ibs.fastibd
  missing=?

number of markers    =   17689
number of haplotypes =     212 (subset_ibs.bgl.gz)

Running time for phasing: 1 minutes 10 seconds
Beagle version 3.3.2 (31 Oct 2011) finished
Beagle version 3.3.2 (31 Oct 2011)
Enter "java -jar beagle.jar" for summary of command line arguments.
Start time: 11:00 PM UTC on 04 Mar 2024

Command line: java -Xmx1024m -jar beagle.jar
  unphased=data/subset_ibs.bgl.gz
  markers=data/subset_ibs.markers
  fastibd=true
  out=fastibd/ibs.fastibd
  missing=?

number of markers    =   17689
number of haplotypes =     212 (subset_ibs.bgl.gz)

Running time for phasing: 1 minutes 8 seconds
Beagle version 3.3.2 (31 Oct 2011) finished
