Beagle version 3.3.2 (31 Oct 2011)
Enter "java -jar beagle.jar" for summary of command line arguments.
Start time: 11:35 PM UTC on 04 Mar 2024

Command line: java -Xmx1024m -jar beagle.jar
  unphased=data/subset_itu.bgl.gz
  markers=data/subset_itu.markers
  fastibd=true
  out=fastibd/itu.fastibd
  missing=?

number of markers    =   17689
number of haplotypes =     204 (subset_itu.bgl.gz)

Running time for phasing: 56 seconds
Beagle version 3.3.2 (31 Oct 2011) finished
Beagle version 3.3.2 (31 Oct 2011)
Enter "java -jar beagle.jar" for summary of command line arguments.
Start time: 11:36 PM UTC on 04 Mar 2024

Command line: java -Xmx1024m -jar beagle.jar
  unphased=data/subset_itu.bgl.gz
  markers=data/subset_itu.markers
  fastibd=true
  out=fastibd/itu.fastibd
  missing=?

number of markers    =   17689
number of haplotypes =     204 (subset_itu.bgl.gz)

Running time for phasing: 57 seconds
Beagle version 3.3.2 (31 Oct 2011) finished
