Beagle version 3.3.2 (31 Oct 2011)
Enter "java -jar beagle.jar" for summary of command line arguments.
Start time: 11:43 PM UTC on 04 Mar 2024

Command line: java -Xmx1024m -jar beagle.jar
  unphased=data/subset_jpt.bgl.gz
  markers=data/subset_jpt.markers
  fastibd=true
  out=fastibd/jpt.fastibd
  missing=?

number of markers    =   17689
number of haplotypes =     208 (subset_jpt.bgl.gz)

Running time for phasing: 52 seconds
Beagle version 3.3.2 (31 Oct 2011) finished
Beagle version 3.3.2 (31 Oct 2011)
Enter "java -jar beagle.jar" for summary of command line arguments.
Start time: 11:44 PM UTC on 04 Mar 2024

Command line: java -Xmx1024m -jar beagle.jar
  unphased=data/subset_jpt.bgl.gz
  markers=data/subset_jpt.markers
  fastibd=true
  out=fastibd/jpt.fastibd
  missing=?

number of markers    =   17689
number of haplotypes =     208 (subset_jpt.bgl.gz)

Running time for phasing: 1 minutes 5 seconds
Beagle version 3.3.2 (31 Oct 2011) finished
Beagle version 3.3.2 (31 Oct 2011)
Enter "java -jar beagle.jar" for summary of command line arguments.
Start time: 07:07 AM UTC on 05 Mar 2024

Command line: java -Xmx1024m -jar beagle.jar
  unphased=data/subset_jpt.bgl.gz
  markers=data/subset_jpt.markers
  fastibd=true
  out=fastibd/jpt.fastibd
  missing=?

number of markers    =   17689
number of haplotypes =     208 (subset_jpt.bgl.gz)

Running time for phasing: 52 seconds
Beagle version 3.3.2 (31 Oct 2011) finished
Beagle version 3.3.2 (31 Oct 2011)
Enter "java -jar beagle.jar" for summary of command line arguments.
Start time: 07:07 AM UTC on 05 Mar 2024

Command line: java -Xmx1024m -jar beagle.jar
  unphased=data/subset_jpt.bgl.gz
  markers=data/subset_jpt.markers
  fastibd=true
  out=fastibd/jpt.fastibd
  missing=?

number of markers    =   17689
number of haplotypes =     208 (subset_jpt.bgl.gz)

Running time for phasing: 53 seconds
Beagle version 3.3.2 (31 Oct 2011) finished
Beagle version 3.3.2 (31 Oct 2011)
Enter "java -jar beagle.jar" for summary of command line arguments.
Start time: 07:51 AM UTC on 05 Mar 2024

Command line: java -Xmx1024m -jar beagle.jar
  unphased=data/subset_jpt.bgl.gz
  markers=data/subset_jpt.markers
  fastibd=true
  out=fastibd/jpt.fastibd
  missing=?

number of markers    =   17689
number of haplotypes =     208 (subset_jpt.bgl.gz)

Running time for phasing: 51 seconds
Beagle version 3.3.2 (31 Oct 2011) finished
Beagle version 3.3.2 (31 Oct 2011)
Enter "java -jar beagle.jar" for summary of command line arguments.
Start time: 07:51 AM UTC on 05 Mar 2024

Command line: java -Xmx1024m -jar beagle.jar
  unphased=data/subset_jpt.bgl.gz
  markers=data/subset_jpt.markers
  fastibd=true
  out=fastibd/jpt.fastibd
  missing=?

number of markers    =   17689
number of haplotypes =     208 (subset_jpt.bgl.gz)

Running time for phasing: 51 seconds
Beagle version 3.3.2 (31 Oct 2011) finished
