Beagle version 3.3.2 (31 Oct 2011)
Enter "java -jar beagle.jar" for summary of command line arguments.
Start time: 07:15 AM UTC on 04 Mar 2024

Command line: java -Xmx1024m -jar beagle.jar
  unphased=data/subset_khv.bgl.gz
  markers=data/subset_khv.markers
  fastibd=true
  out=fastibd/khv.fastibd
  missing=?

number of markers    =   17689
number of haplotypes =     198 (subset_khv.bgl.gz)

Running time for phasing: 43 seconds
Beagle version 3.3.2 (31 Oct 2011) finished
Beagle version 3.3.2 (31 Oct 2011)
Enter "java -jar beagle.jar" for summary of command line arguments.
Start time: 07:16 AM UTC on 04 Mar 2024

Command line: java -Xmx1024m -jar beagle.jar
  unphased=data/subset_khv.bgl.gz
  markers=data/subset_khv.markers
  fastibd=true
  out=fastibd/khv.fastibd
  missing=?

number of markers    =   17689
number of haplotypes =     198 (subset_khv.bgl.gz)

Running time for phasing: 57 seconds
Beagle version 3.3.2 (31 Oct 2011) finished
Beagle version 3.3.2 (31 Oct 2011)
Enter "java -jar beagle.jar" for summary of command line arguments.
Start time: 10:53 PM UTC on 04 Mar 2024

Command line: java -Xmx1024m -jar beagle.jar
  unphased=data/subset_khv.bgl.gz
  markers=data/subset_khv.markers
  fastibd=true
  out=fastibd/khv.fastibd
  missing=?

number of markers    =   17689
number of haplotypes =     198 (subset_khv.bgl.gz)

Running time for phasing: 58 seconds
Beagle version 3.3.2 (31 Oct 2011) finished
Beagle version 3.3.2 (31 Oct 2011)
Enter "java -jar beagle.jar" for summary of command line arguments.
Start time: 10:54 PM UTC on 04 Mar 2024

Command line: java -Xmx1024m -jar beagle.jar
  unphased=data/subset_khv.bgl.gz
  markers=data/subset_khv.markers
  fastibd=true
  out=fastibd/khv.fastibd
  missing=?

number of markers    =   17689
number of haplotypes =     198 (subset_khv.bgl.gz)

Running time for phasing: 45 seconds
Beagle version 3.3.2 (31 Oct 2011) finished
