Beagle version 3.3.2 (31 Oct 2011)
Enter "java -jar beagle.jar" for summary of command line arguments.
Start time: 07:28 AM UTC on 04 Mar 2024

Command line: java -Xmx1024m -jar beagle.jar
  unphased=data/subset_msl.bgl.gz
  markers=data/subset_msl.markers
  fastibd=true
  out=fastibd/msl.fastibd
  missing=?

number of markers    =   17689
number of haplotypes =     170 (subset_msl.bgl.gz)

Running time for phasing: 39 seconds
Beagle version 3.3.2 (31 Oct 2011) finished
Beagle version 3.3.2 (31 Oct 2011)
Enter "java -jar beagle.jar" for summary of command line arguments.
Start time: 07:28 AM UTC on 04 Mar 2024

Command line: java -Xmx1024m -jar beagle.jar
  unphased=data/subset_msl.bgl.gz
  markers=data/subset_msl.markers
  fastibd=true
  out=fastibd/msl.fastibd
  missing=?

number of markers    =   17689
number of haplotypes =     170 (subset_msl.bgl.gz)

Running time for phasing: 1 minutes 0 seconds
Beagle version 3.3.2 (31 Oct 2011) finished
Beagle version 3.3.2 (31 Oct 2011)
Enter "java -jar beagle.jar" for summary of command line arguments.
Start time: 11:06 PM UTC on 04 Mar 2024

Command line: java -Xmx1024m -jar beagle.jar
  unphased=data/subset_msl.bgl.gz
  markers=data/subset_msl.markers
  fastibd=true
  out=fastibd/msl.fastibd
  missing=?

number of markers    =   17689
number of haplotypes =     170 (subset_msl.bgl.gz)

Running time for phasing: 58 seconds
Beagle version 3.3.2 (31 Oct 2011) finished
Beagle version 3.3.2 (31 Oct 2011)
Enter "java -jar beagle.jar" for summary of command line arguments.
Start time: 11:07 PM UTC on 04 Mar 2024

Command line: java -Xmx1024m -jar beagle.jar
  unphased=data/subset_msl.bgl.gz
  markers=data/subset_msl.markers
  fastibd=true
  out=fastibd/msl.fastibd
  missing=?

number of markers    =   17689
number of haplotypes =     170 (subset_msl.bgl.gz)

Running time for phasing: 1 minutes 3 seconds
Beagle version 3.3.2 (31 Oct 2011) finished
