Beagle version 3.3.2 (31 Oct 2011)
Enter "java -jar beagle.jar" for summary of command line arguments.
Start time: 11:17 PM UTC on 04 Mar 2024

Command line: java -Xmx1024m -jar beagle.jar
  unphased=data/subset_pur.bgl.gz
  markers=data/subset_pur.markers
  fastibd=true
  out=fastibd/pur.fastibd
  missing=?

number of markers    =   17689
number of haplotypes =     208 (subset_pur.bgl.gz)

Running time for phasing: 1 minutes 16 seconds
Beagle version 3.3.2 (31 Oct 2011) finished
Beagle version 3.3.2 (31 Oct 2011)
Enter "java -jar beagle.jar" for summary of command line arguments.
Start time: 11:18 PM UTC on 04 Mar 2024

Command line: java -Xmx1024m -jar beagle.jar
  unphased=data/subset_pur.bgl.gz
  markers=data/subset_pur.markers
  fastibd=true
  out=fastibd/pur.fastibd
  missing=?

number of markers    =   17689
number of haplotypes =     208 (subset_pur.bgl.gz)

Running time for phasing: 1 minutes 24 seconds
Beagle version 3.3.2 (31 Oct 2011) finished
Beagle version 3.3.2 (31 Oct 2011)
Enter "java -jar beagle.jar" for summary of command line arguments.
Start time: 06:47 AM UTC on 05 Mar 2024

Command line: java -Xmx1024m -jar beagle.jar
  unphased=data/subset_pur.bgl.gz
  markers=data/subset_pur.markers
  fastibd=true
  out=fastibd/pur.fastibd
  missing=?

number of markers    =   17689
number of haplotypes =     208 (subset_pur.bgl.gz)

Running time for phasing: 45 seconds
Beagle version 3.3.2 (31 Oct 2011) finished
Beagle version 3.3.2 (31 Oct 2011)
Enter "java -jar beagle.jar" for summary of command line arguments.
Start time: 06:47 AM UTC on 05 Mar 2024

Command line: java -Xmx1024m -jar beagle.jar
  unphased=data/subset_pur.bgl.gz
  markers=data/subset_pur.markers
  fastibd=true
  out=fastibd/pur.fastibd
  missing=?

number of markers    =   17689
number of haplotypes =     208 (subset_pur.bgl.gz)

Running time for phasing: 1 minutes 1 seconds
Beagle version 3.3.2 (31 Oct 2011) finished
Beagle version 3.3.2 (31 Oct 2011)
Enter "java -jar beagle.jar" for summary of command line arguments.
Start time: 07:31 AM UTC on 05 Mar 2024

Command line: java -Xmx1024m -jar beagle.jar
  unphased=data/subset_pur.bgl.gz
  markers=data/subset_pur.markers
  fastibd=true
  out=fastibd/pur.fastibd
  missing=?

number of markers    =   17689
number of haplotypes =     208 (subset_pur.bgl.gz)

Running time for phasing: 45 seconds
Beagle version 3.3.2 (31 Oct 2011) finished
Beagle version 3.3.2 (31 Oct 2011)
Enter "java -jar beagle.jar" for summary of command line arguments.
Start time: 07:31 AM UTC on 05 Mar 2024

Command line: java -Xmx1024m -jar beagle.jar
  unphased=data/subset_pur.bgl.gz
  markers=data/subset_pur.markers
  fastibd=true
  out=fastibd/pur.fastibd
  missing=?

number of markers    =   17689
number of haplotypes =     208 (subset_pur.bgl.gz)

Running time for phasing: 46 seconds
Beagle version 3.3.2 (31 Oct 2011) finished
