Beagle version 3.3.2 (31 Oct 2011)
Enter "java -jar beagle.jar" for summary of command line arguments.
Start time: 11:19 PM UTC on 04 Mar 2024

Command line: java -Xmx1024m -jar beagle.jar
  unphased=data/subset_stu.bgl.gz
  markers=data/subset_stu.markers
  fastibd=true
  out=fastibd/stu.fastibd
  missing=?

number of markers    =   17689
number of haplotypes =     204 (subset_stu.bgl.gz)

Running time for phasing: 1 minutes 10 seconds
Beagle version 3.3.2 (31 Oct 2011) finished
Beagle version 3.3.2 (31 Oct 2011)
Enter "java -jar beagle.jar" for summary of command line arguments.
Start time: 11:21 PM UTC on 04 Mar 2024

Command line: java -Xmx1024m -jar beagle.jar
  unphased=data/subset_stu.bgl.gz
  markers=data/subset_stu.markers
  fastibd=true
  out=fastibd/stu.fastibd
  missing=?

number of markers    =   17689
number of haplotypes =     204 (subset_stu.bgl.gz)

Running time for phasing: 54 seconds
Beagle version 3.3.2 (31 Oct 2011) finished
