Beagle version 3.3.2 (31 Oct 2011)
Enter "java -jar beagle.jar" for summary of command line arguments.
Start time: 09:43 PM UTC on 08 Mar 2024

Command line: java -Xmx4096m -jar beagle.jar
  unphased=sizes/data/total_singular_400.bgl.gz
  markers=sizes/data/total_singular_400.markers
  fastibd=true
  out=sizes/fastibd/total_singular_400.fastibd
  missing=?

number of markers    =   17689
number of haplotypes =     800 (total_singular_400.bgl.gz)

Running time for phasing: 6 minutes 15 seconds
Beagle version 3.3.2 (31 Oct 2011) finished
Beagle version 3.3.2 (31 Oct 2011)
Enter "java -jar beagle.jar" for summary of command line arguments.
Start time: 06:58 AM UTC on 09 Mar 2024

Command line: java -Xmx4096m -jar beagle.jar
  unphased=sizes/data/total_singular_400.bgl.gz
  markers=sizes/data/total_singular_400.markers
  fastibd=true
  out=sizes/fastibd/total_singular_400.fastibd
  missing=?

number of markers    =   17689
number of haplotypes =     800 (total_singular_400.bgl.gz)

Running time for phasing: 5 minutes 29 seconds
Beagle version 3.3.2 (31 Oct 2011) finished
