Beagle version 3.3.2 (31 Oct 2011)
Enter "java -jar beagle.jar" for summary of command line arguments.
Start time: 09:34 PM UTC on 08 Mar 2024

Command line: java -Xmx4096m -jar beagle.jar
  unphased=sizes/data/total_singular_100.bgl.gz
  markers=sizes/data/total_singular_100.markers
  fastibd=true
  out=sizes/fastibd/total_singular_100.fastibd
  missing=?

number of markers    =   17689
number of haplotypes =     200 (total_singular_100.bgl.gz)

Running time for phasing: 1 minutes 3 seconds
Beagle version 3.3.2 (31 Oct 2011) finished
Beagle version 3.3.2 (31 Oct 2011)
Enter "java -jar beagle.jar" for summary of command line arguments.
Start time: 06:49 AM UTC on 09 Mar 2024

Command line: java -Xmx4096m -jar beagle.jar
  unphased=sizes/data/total_singular_100.bgl.gz
  markers=sizes/data/total_singular_100.markers
  fastibd=true
  out=sizes/fastibd/total_singular_100.fastibd
  missing=?

number of markers    =   17689
number of haplotypes =     200 (total_singular_100.bgl.gz)

Running time for phasing: 1 minutes 9 seconds
Beagle version 3.3.2 (31 Oct 2011) finished
