PLINK v1.90b6.9 64-bit (4 Mar 2019)
Options in effect:
  --bfile data/chr_plink
  --genome
  --keep sizes/total/total_800.txt
  --out sizes/ibd/total_800.ibd

Hostname: dsmlp-jupyter-sgollamu
Working directory: /home/sgollamu/final-project
Start time: Sat Mar  9 21:49:11 2024

Random number seed: 1710020951
385412 MB RAM detected; reserving 192706 MB for main workspace.
17784 variants loaded from .bim file.
2504 people (0 males, 0 females, 2504 ambiguous) loaded from .fam.
Ambiguous sex IDs written to sizes/ibd/total_800.ibd.nosex .
--keep: 800 people remaining.
Using up to 63 threads (change this with --threads).
Before main variant filters, 800 founders and 0 nonfounders present.
Calculating allele frequencies... done.
Total genotyping rate in remaining samples is 0.999895.
17784 variants and 800 people pass filters and QC.
Note: No phenotypes present.
IBD calculations complete.
Finished writing sizes/ibd/total_800.ibd.genome .

End time: Sat Mar  9 21:49:13 2024
