PLINK v1.90b6.9 64-bit (4 Mar 2019)
Options in effect:
  --bfile data/chr_plink
  --genome
  --keep sizes/total/total_1900.txt
  --out sizes/ibd/total_1900.ibd

Hostname: dsmlp-jupyter-sgollamu
Working directory: /home/sgollamu/final-project
Start time: Sat Mar  9 21:47:44 2024

Random number seed: 1710020864
385412 MB RAM detected; reserving 192706 MB for main workspace.
17784 variants loaded from .bim file.
2504 people (0 males, 0 females, 2504 ambiguous) loaded from .fam.
Ambiguous sex IDs written to sizes/ibd/total_1900.ibd.nosex .
--keep: 1900 people remaining.
Using up to 63 threads (change this with --threads).
Before main variant filters, 1900 founders and 0 nonfounders present.
Calculating allele frequencies... done.
Total genotyping rate in remaining samples is 0.999894.
17784 variants and 1900 people pass filters and QC.
Note: No phenotypes present.
IBD calculations complete.
Finished writing sizes/ibd/total_1900.ibd.genome .

End time: Sat Mar  9 21:47:52 2024
