PLINK v1.90b6.9 64-bit (4 Mar 2019)
Options in effect:
  --make-bed
  --out data/chr_plink
  --vcf ../public/1000Genomes/1000G_chr19_pruned.vcf.gz

Hostname: dsmlp-jupyter-sgollamu
Working directory: /home/sgollamu/final-project
Start time: Wed Mar  6 02:49:59 2024

Random number seed: 1709693399
515699 MB RAM detected; reserving 257849 MB for main workspace.
--vcf: data/chr_plink-temporary.bed + data/chr_plink-temporary.bim +
data/chr_plink-temporary.fam written.
17784 variants loaded from .bim file.
2504 people (0 males, 0 females, 2504 ambiguous) loaded from .fam.
Ambiguous sex IDs written to data/chr_plink.nosex .
Using 1 thread (no multithreaded calculations invoked).
Before main variant filters, 2504 founders and 0 nonfounders present.
Calculating allele frequencies... done.
Total genotyping rate is 0.999899.
17784 variants and 2504 people pass filters and QC.
Note: No phenotypes present.
--make-bed to data/chr_plink.bed + data/chr_plink.bim + data/chr_plink.fam ...
done.

End time: Wed Mar  6 02:50:00 2024
