PLINK v1.90b6.9 64-bit (4 Mar 2019)
Options in effect:
  --bfile data/chr_plink
  --genome
  --keep samples/samples_asw.txt
  --out plink/asw.ibd

Hostname: dsmlp-jupyter-sgollamu
Working directory: /home/sgollamu/final-project
Start time: Wed Mar  6 02:50:02 2024

Random number seed: 1709693402
515699 MB RAM detected; reserving 257849 MB for main workspace.
17784 variants loaded from .bim file.
2504 people (0 males, 0 females, 2504 ambiguous) loaded from .fam.
Ambiguous sex IDs written to plink/asw.ibd.nosex .
--keep: 61 people remaining.
Using up to 255 threads (change this with --threads).
Before main variant filters, 61 founders and 0 nonfounders present.
Calculating allele frequencies... done.
Total genotyping rate in remaining samples is 0.999792.
17784 variants and 61 people pass filters and QC.
Note: No phenotypes present.
IBD calculations complete.
Finished writing plink/asw.ibd.genome .

End time: Wed Mar  6 02:50:02 2024
