PLINK v1.90b6.9 64-bit (4 Mar 2019)
Options in effect:
  --bfile data/chr_plink
  --genome
  --keep samples/samples_gbr.txt
  --out plink/gbr.ibd

Hostname: dsmlp-jupyter-sgollamu
Working directory: /home/sgollamu/final-project
Start time: Wed Mar  6 02:50:01 2024

Random number seed: 1709693401
515699 MB RAM detected; reserving 257849 MB for main workspace.
17784 variants loaded from .bim file.
2504 people (0 males, 0 females, 2504 ambiguous) loaded from .fam.
Ambiguous sex IDs written to plink/gbr.ibd.nosex .
--keep: 91 people remaining.
Using up to 255 threads (change this with --threads).
Before main variant filters, 91 founders and 0 nonfounders present.
Calculating allele frequencies... done.
Total genotyping rate in remaining samples is 0.999951.
17784 variants and 91 people pass filters and QC.
Note: No phenotypes present.
IBD calculations complete.
Finished writing plink/gbr.ibd.genome .

End time: Wed Mar  6 02:50:01 2024
