PLINK v1.90b6.9 64-bit (4 Mar 2019)
Options in effect:
  --bfile data/chr_plink
  --genome
  --keep samples/samples_mxl.txt
  --out plink/mxl.ibd

Hostname: dsmlp-jupyter-sgollamu
Working directory: /home/sgollamu/final-project
Start time: Tue Mar  5 02:21:07 2024

Random number seed: 1709605267
385412 MB RAM detected; reserving 192706 MB for main workspace.
17784 variants loaded from .bim file.
2504 people (0 males, 0 females, 2504 ambiguous) loaded from .fam.
Ambiguous sex IDs written to plink/mxl.ibd.nosex .
--keep: 64 people remaining.
Using up to 63 threads (change this with --threads).
Before main variant filters, 64 founders and 0 nonfounders present.
Calculating allele frequencies... done.
Total genotyping rate in remaining samples is 0.999954.
17784 variants and 64 people pass filters and QC.
Note: No phenotypes present.
IBD calculations complete.
Finished writing plink/mxl.ibd.genome .

End time: Tue Mar  5 02:21:07 2024
