Program           :  ibdseq r1206  (max memory: 4096 MB)
Start Time        :  10:23 PM UTC on 06 Mar 2024

Parameters
  gt              :  sizes/data/total_singular_800.vcf
  out             :  ibdseq/total_singular_800.ibdseq
  minalleles      :  2
  ibdlod          :  3.0
  ibdtrim         :  0.0
  errormax        :  0.001
  errorprop       :  0.25
  r2window        :  500
  r2max           :  0.15
  nthreads        :  1

Data Statistics
  samples         :  800
  markers         :  17784
   >= minalleles  :  17633
   LD-thinned     :  4417  (25% of markers)
  segments/sample :  308.0
  mean IBD length :  0.70 Mb
  mean IBD depth  :  7.4

Wallclock Time:   :  21 minutes 15 seconds
End Time          :  10:44 PM UTC on 06 Mar 2024
