Program           :  ibdseq r1206  (max memory: 4096 MB)
Start Time        :  02:50 AM UTC on 06 Mar 2024

Parameters
  gt              :  sizes/data/total_singular_1200.vcf
  out             :  ibdseq/total_singular_1200.ibdseq
  minalleles      :  2
  ibdlod          :  3.0
  ibdtrim         :  0.0
  errormax        :  0.001
  errorprop       :  0.25
  r2window        :  500
  r2max           :  0.15
  nthreads        :  1

Data Statistics
  samples         :  1200
  markers         :  17784
   >= minalleles  :  17665
   LD-thinned     :  4588  (26% of markers)
  segments/sample :  526.5
  mean IBD length :  0.65 Mb
  mean IBD depth  :  11.9

Wallclock Time:   :  56 minutes 8 seconds
End Time          :  03:46 AM UTC on 06 Mar 2024
