Program           :  ibdseq r1206  (max memory: 4096 MB)
Start Time        :  09:23 AM UTC on 06 Mar 2024

Parameters
  gt              :  sizes/data/total_singular_600.vcf
  out             :  ibdseq/total_singular_600.ibdseq
  minalleles      :  2
  ibdlod          :  3.0
  ibdtrim         :  0.0
  errormax        :  0.001
  errorprop       :  0.25
  r2window        :  500
  r2max           :  0.15
  nthreads        :  1

Data Statistics
  samples         :  600
  markers         :  17784
   >= minalleles  :  17591
   LD-thinned     :  4223  (24% of markers)
  segments/sample :  192.3
  mean IBD length :  0.71 Mb
  mean IBD depth  :  4.7

Wallclock Time:   :  10 minutes 57 seconds
End Time          :  09:34 AM UTC on 06 Mar 2024
