Program           :  ibdseq r1206  (max memory: 4096 MB)
Start Time        :  03:46 AM UTC on 06 Mar 2024

Parameters
  gt              :  sizes/data/total_singular_700.vcf
  out             :  ibdseq/total_singular_700.ibdseq
  minalleles      :  2
  ibdlod          :  3.0
  ibdtrim         :  0.0
  errormax        :  0.001
  errorprop       :  0.25
  r2window        :  500
  r2max           :  0.15
  nthreads        :  1

Data Statistics
  samples         :  700
  markers         :  17784
   >= minalleles  :  17625
   LD-thinned     :  4423  (25% of markers)
  segments/sample :  262.7
  mean IBD length :  0.69 Mb
  mean IBD depth  :  6.2

Wallclock Time:   :  16 minutes 18 seconds
End Time          :  04:02 AM UTC on 06 Mar 2024
