Program           :  ibdseq r1206  (max memory: 4096 MB)
Start Time        :  08:48 PM UTC on 06 Mar 2024

Parameters
  gt              :  sizes/data/total_singular_500.vcf
  out             :  ibdseq/total_singular_500.ibdseq
  minalleles      :  2
  ibdlod          :  3.0
  ibdtrim         :  0.0
  errormax        :  0.001
  errorprop       :  0.25
  r2window        :  500
  r2max           :  0.15
  nthreads        :  1

Data Statistics
  samples         :  500
  markers         :  17784
   >= minalleles  :  17579
   LD-thinned     :  4177  (23% of markers)
  segments/sample :  152.5
  mean IBD length :  0.71 Mb
  mean IBD depth  :  3.7

Wallclock Time:   :  8 minutes 15 seconds
End Time          :  08:57 PM UTC on 06 Mar 2024
