Program           :  ibdseq r1206  (max memory: 4096 MB)
Start Time        :  06:39 AM UTC on 09 Mar 2024

Parameters
  gt              :  sizes/data/total_singular_300.vcf
  out             :  ibdseq/total_singular_300.ibdseq
  minalleles      :  2
  ibdlod          :  3.0
  ibdtrim         :  0.0
  errormax        :  0.001
  errorprop       :  0.25
  r2window        :  500
  r2max           :  0.15
  nthreads        :  1

Data Statistics
  samples         :  300
  markers         :  17784
   >= minalleles  :  16461
   LD-thinned     :  3465  (19% of markers)
  segments/sample :  60.3
  mean IBD length :  0.77 Mb
  mean IBD depth  :  1.6

Wallclock Time:   :  2 minutes 28 seconds
End Time          :  06:41 AM UTC on 09 Mar 2024
