Program           :  ibdseq r1206  (max memory: 4096 MB)
Start Time        :  06:42 AM UTC on 09 Mar 2024

Parameters
  gt              :  sizes/data/total_singular_400.vcf
  out             :  ibdseq/total_singular_400.ibdseq
  minalleles      :  2
  ibdlod          :  3.0
  ibdtrim         :  0.0
  errormax        :  0.001
  errorprop       :  0.25
  r2window        :  500
  r2max           :  0.15
  nthreads        :  1

Data Statistics
  samples         :  400
  markers         :  17784
   >= minalleles  :  16509
   LD-thinned     :  3503  (20% of markers)
  segments/sample :  83.0
  mean IBD length :  0.79 Mb
  mean IBD depth  :  2.2

Wallclock Time:   :  5 minutes 37 seconds
End Time          :  06:47 AM UTC on 09 Mar 2024
