Program           :  ibdseq r1206  (max memory: 4096 MB)
Start Time        :  11:20 PM UTC on 06 Mar 2024

Parameters
  gt              :  sizes/data/total_singular_1000.vcf
  out             :  ibdseq/total_singular_1000.ibdseq
  minalleles      :  2
  ibdlod          :  3.0
  ibdtrim         :  0.0
  errormax        :  0.001
  errorprop       :  0.25
  r2window        :  500
  r2max           :  0.15
  nthreads        :  1

Data Statistics
  samples         :  1000
  markers         :  17784
   >= minalleles  :  17651
   LD-thinned     :  4627  (26% of markers)
  segments/sample :  460.8
  mean IBD length :  0.64 Mb
  mean IBD depth  :  10.2

Wallclock Time:   :  40 minutes 2 seconds
End Time          :  12:00 AM UTC on 07 Mar 2024
